<?xml version="1.0" encoding="UTF-8"?>
<testng-results ignored="0" total="1" passed="1" failed="0" skipped="0">
  <reporter-output>
  </reporter-output>
  <suite started-at="2021-11-19T21:22:08 IST" name="Default suite" finished-at="2021-11-19T21:22:49 IST" duration-ms="40682">
    <groups>
    </groups>
    <test started-at="2021-11-19T21:22:08 IST" name="Default test" finished-at="2021-11-19T21:22:49 IST" duration-ms="40682">
      <class name="testScripts.CoreJavaSelenium">
        <test-method is-config="true" signature="openApp()[pri:0, instance:testScripts.CoreJavaSelenium@1b6e1eff]" started-at="2021-11-19T21:22:08 IST" name="openApp" finished-at="2021-11-19T21:22:29 IST" duration-ms="20984" status="PASS">
          <reporter-output>
          </reporter-output>
        </test-method> <!-- openApp -->
        <test-method signature="tc2()[pri:0, instance:testScripts.CoreJavaSelenium@1b6e1eff]" started-at="2021-11-19T21:22:29 IST" name="tc2" finished-at="2021-11-19T21:22:49 IST" duration-ms="19643" status="PASS">
          <reporter-output>
          </reporter-output>
        </test-method> <!-- tc2 -->
        <test-method is-config="true" signature="closeApp(org.testng.ITestResult)[pri:0, instance:testScripts.CoreJavaSelenium@1b6e1eff]" started-at="2021-11-19T21:22:49 IST" name="closeApp" finished-at="2021-11-19T21:22:49 IST" duration-ms="30" status="PASS">
          <params>
            <param index="0">
              <value>
                <![CDATA[[TestResult name=tc2 status=SUCCESS method=CoreJavaSelenium.tc2()[pri:0, instance:testScripts.CoreJavaSelenium@1b6e1eff] output={null}]]]>
              </value>
            </param>
          </params>
          <reporter-output>
          </reporter-output>
        </test-method> <!-- closeApp -->
      </class> <!-- testScripts.CoreJavaSelenium -->
    </test> <!-- Default test -->
  </suite> <!-- Default suite -->
</testng-results>
